<?xml version="1.0" encoding="UTF-8"?>
<!-- Generated by org.testng.reporters.JUnitReportReporter -->
<testsuite hostname="LAPTOP-BDL305ER" failures="0" tests="3" name="practiceSelenium.TestNG" time="0.005" errors="0" timestamp="2023-05-19T10:47:23 IST" skipped="0">
  <testcase classname="practiceSelenium.TestNG" name="deleteContact" time="0.002"/>
  <system-out/>
  <testcase classname="practiceSelenium.TestNG" name="createContact" time="0.002"/>
  <system-out/>
  <testcase classname="practiceSelenium.TestNG" name="modifyContact" time="0.001"/>
  <system-out/>
</testsuite> <!-- practiceSelenium.TestNG -->
