<?xml version="1.0" encoding="UTF-8"?>
<!-- Generated by org.testng.reporters.JUnitReportReporter -->
<testsuite hostname="LAPTOP-BDL305ER" failures="0" tests="1" name="practiceSelenium.TestngCricbuzz" time="4.657" errors="0" timestamp="2023-05-19T10:47:23 IST" skipped="0">
  <testcase classname="practiceSelenium.TestngCricbuzz" name="cric" time="4.657"/>
  <system-out/>
</testsuite> <!-- practiceSelenium.TestngCricbuzz -->
