<?xml version="1.0" encoding="UTF-8"?>
<!-- Generated by org.testng.reporters.JUnitReportReporter -->
<testsuite hostname="LAPTOP-BDL305ER" failures="0" tests="1" name="TestNGQspider.TestNGAmazon" time="3.161" errors="0" timestamp="2023-05-19T16:49:47 IST" skipped="0">
  <testcase classname="TestNGQspider.TestNGAmazon" name="amaz" time="3.161"/>
  <system-out/>
</testsuite> <!-- TestNGQspider.TestNGAmazon -->
