<?xml version="1.0" encoding="UTF-8"?>
<!-- Generated by org.testng.reporters.JUnitReportReporter -->
<testsuite hostname="LAPTOP-BDL305ER" failures="0" tests="1" name="TestNGQspider.TestNgMakemyTrip" time="8.872" errors="0" timestamp="2023-05-19T16:45:58 IST" skipped="0">
  <testcase classname="TestNGQspider.TestNgMakemyTrip" name="main" time="8.872"/>
  <system-out/>
</testsuite> <!-- TestNGQspider.TestNgMakemyTrip -->
