<?xml version="1.0" encoding="UTF-8"?>
<!-- Generated by org.testng.reporters.JUnitReportReporter -->
<testsuite hostname="LAPTOP-BDL305ER" failures="0" tests="2" name="practiceSelenium.HardAssert" time="0.011" errors="0" timestamp="2023-05-19T17:03:18 IST" skipped="0">
  <testcase classname="practiceSelenium.HardAssert" name="hassert2" time="0.002"/>
  <system-out/>
  <testcase classname="practiceSelenium.HardAssert" name="hassert" time="0.009"/>
  <system-out/>
</testsuite> <!-- practiceSelenium.HardAssert -->
