<?xml version="1.0" encoding="UTF-8"?>
<!-- Generated by org.testng.reporters.JUnitReportReporter -->
<testsuite hostname="LAPTOP-BDL305ER" failures="0" tests="1" name="practiceSelenium.TakeScreenShot" time="6.726" errors="0" timestamp="2023-05-23T11:59:12 IST" skipped="0">
  <testcase classname="practiceSelenium.TakeScreenShot" name="m1" time="6.726"/>
  <system-out/>
</testsuite> <!-- practiceSelenium.TakeScreenShot -->
